2025-04-13 22:25:45,599 - INFO - Starting job
2025-04-13 22:25:48,716 - INFO - Found agricultural table
2025-04-13 22:25:48,718 - INFO - Scraped DataFrame shape: (13, 10)
2025-04-13 22:25:48,724 - INFO - Cleaned DataFrame shape: (13, 10)
2025-04-13 22:25:48,729 - INFO - Data saved to agri_commodities.csv, rows: 13
2025-04-13 22:25:49,087 - INFO - package: mysql.connector.plugins
2025-04-13 22:25:49,087 - INFO - plugin_name: caching_sha2_password
2025-04-13 22:25:49,088 - INFO - AUTHENTICATION_PLUGIN_CLASS: MySQLCachingSHA2PasswordAuthPlugin
2025-04-13 22:25:49,091 - ERROR - Error loading to MySQL: (mysql.connector.errors.ProgrammingError) 1045 (28000): Access denied for user 'root'@'localhost' (using password: YES)
(Background on this error at: https://sqlalche.me/e/20/f405)
2025-04-13 22:25:49,092 - INFO - Generated statistics: {'total_commodities': 13, 'average_price': np.float64(263.9067076923077), 'max_price': np.float64(2480.0), 'min_price': np.float64(0.8), 'positive_changes': 9, 'negative_changes': 3}
2025-04-13 22:25:49,107 - INFO - Dash is running on http://0.0.0.0:8050/

2025-04-13 22:25:49,114 - INFO - [31m[1mWARNING: This is a development server. Do not use it in a production deployment. Use a production WSGI server instead.[0m
 * Running on all addresses (0.0.0.0)
 * Running on http://127.0.0.1:8050
 * Running on http://192.168.1.153:8050
2025-04-13 22:25:49,118 - INFO - [33mPress CTRL+C to quit[0m
2025-04-13 22:26:10,955 - INFO - 127.0.0.1 - - [13/Apr/2025 22:26:10] "GET /_reload-hash HTTP/1.1" 200 -
2025-04-13 22:26:11,085 - INFO - 127.0.0.1 - - [13/Apr/2025 22:26:11] "GET /_dash-layout HTTP/1.1" 200 -
2025-04-13 22:26:11,102 - INFO - 127.0.0.1 - - [13/Apr/2025 22:26:11] "GET /_dash-dependencies HTTP/1.1" 200 -
2025-04-13 22:26:11,416 - INFO - Cleaned DataFrame shape: (13, 10)
2025-04-13 22:26:11,799 - INFO - 127.0.0.1 - - [13/Apr/2025 22:26:11] "POST /_dash-update-component HTTP/1.1" 200 -
2025-04-13 22:26:12,935 - INFO - 127.0.0.1 - - [13/Apr/2025 22:26:12] "GET /_reload-hash HTTP/1.1" 200 -
2025-04-13 22:27:10,992 - INFO - 127.0.0.1 - - [13/Apr/2025 22:27:10] "GET /_reload-hash HTTP/1.1" 200 -
2025-04-13 22:28:10,936 - INFO - 127.0.0.1 - - [13/Apr/2025 22:28:10] "GET /_reload-hash HTTP/1.1" 200 -
2025-04-13 22:28:13,372 - INFO - 127.0.0.1 - - [13/Apr/2025 22:28:13] "GET /_reload-hash HTTP/1.1" 200 -
2025-04-13 22:28:15,384 - INFO - 127.0.0.1 - - [13/Apr/2025 22:28:15] "GET /_reload-hash HTTP/1.1" 200 -
2025-04-13 22:28:18,379 - INFO - 127.0.0.1 - - [13/Apr/2025 22:28:18] "GET /_reload-hash HTTP/1.1" 200 -
2025-04-13 22:28:20,019 - INFO - 127.0.0.1 - - [13/Apr/2025 22:28:20] "GET / HTTP/1.1" 200 -
2025-04-13 22:28:20,078 - INFO - 127.0.0.1 - - [13/Apr/2025 22:28:20] "GET /_dash-component-suites/dash/deps/react@18.v3_0_2m1744572643.3.1.min.js HTTP/1.1" 200 -
2025-04-13 22:28:20,082 - INFO - 127.0.0.1 - - [13/Apr/2025 22:28:20] "GET /_dash-component-suites/dash/deps/prop-types@15.v3_0_2m1744572643.8.1.min.js HTTP/1.1" 200 -
2025-04-13 22:28:20,132 - INFO - 127.0.0.1 - - [13/Apr/2025 22:28:20] "GET /_dash-component-suites/dash/deps/react-dom@18.v3_0_2m1744572643.3.1.min.js HTTP/1.1" 200 -
2025-04-13 22:28:20,217 - INFO - 127.0.0.1 - - [13/Apr/2025 22:28:20] "GET /_dash-component-suites/dash/dash-renderer/build/dash_renderer.v3_0_2m1744572643.min.js HTTP/1.1" 200 -
2025-04-13 22:28:20,273 - INFO - 127.0.0.1 - - [13/Apr/2025 22:28:20] "GET /_dash-layout HTTP/1.1" 200 -
2025-04-13 22:28:20,274 - INFO - 127.0.0.1 - - [13/Apr/2025 22:28:20] "GET /_dash-dependencies HTTP/1.1" 200 -
2025-04-13 22:28:20,306 - INFO - 127.0.0.1 - - [13/Apr/2025 22:28:20] "[36mGET /_dash-component-suites/dash/dcc/async-graph.js HTTP/1.1[0m" 304 -
2025-04-13 22:28:20,316 - INFO - 127.0.0.1 - - [13/Apr/2025 22:28:20] "[36mGET /_dash-component-suites/plotly/package_data/plotly.min.js HTTP/1.1[0m" 304 -
2025-04-13 22:28:20,331 - INFO - Cleaned DataFrame shape: (13, 10)
2025-04-13 22:28:20,448 - INFO - 127.0.0.1 - - [13/Apr/2025 22:28:20] "POST /_dash-update-component HTTP/1.1" 200 -
2025-04-13 22:28:20,615 - INFO - 127.0.0.1 - - [13/Apr/2025 22:28:20] "GET /_favicon.ico?v=3.0.2 HTTP/1.1" 200 -
2025-04-13 22:29:24,164 - INFO - 127.0.0.1 - - [13/Apr/2025 22:29:24] "GET / HTTP/1.1" 200 -
2025-04-13 22:29:24,250 - INFO - 127.0.0.1 - - [13/Apr/2025 22:29:24] "GET /_dash-layout HTTP/1.1" 200 -
2025-04-13 22:29:24,252 - INFO - 127.0.0.1 - - [13/Apr/2025 22:29:24] "GET /_dash-dependencies HTTP/1.1" 200 -
2025-04-13 22:29:24,269 - INFO - 127.0.0.1 - - [13/Apr/2025 22:29:24] "[36mGET /_dash-component-suites/dash/dcc/async-graph.js HTTP/1.1[0m" 304 -
2025-04-13 22:29:24,282 - INFO - 127.0.0.1 - - [13/Apr/2025 22:29:24] "[36mGET /_dash-component-suites/plotly/package_data/plotly.min.js HTTP/1.1[0m" 304 -
2025-04-13 22:29:24,287 - INFO - Cleaned DataFrame shape: (13, 10)
2025-04-13 22:29:24,383 - INFO - 127.0.0.1 - - [13/Apr/2025 22:29:24] "POST /_dash-update-component HTTP/1.1" 200 -
2025-04-13 22:29:24,459 - INFO - 127.0.0.1 - - [13/Apr/2025 22:29:24] "GET /_favicon.ico?v=3.0.2 HTTP/1.1" 200 -
2025-04-13 22:33:41,801 - INFO - 127.0.0.1 - - [13/Apr/2025 22:33:41] "GET / HTTP/1.1" 200 -
2025-04-13 22:33:41,879 - INFO - 127.0.0.1 - - [13/Apr/2025 22:33:41] "GET /_dash-layout HTTP/1.1" 200 -
2025-04-13 22:33:41,881 - INFO - 127.0.0.1 - - [13/Apr/2025 22:33:41] "GET /_dash-dependencies HTTP/1.1" 200 -
2025-04-13 22:33:41,899 - INFO - 127.0.0.1 - - [13/Apr/2025 22:33:41] "[36mGET /_dash-component-suites/dash/dcc/async-graph.js HTTP/1.1[0m" 304 -
2025-04-13 22:33:41,910 - INFO - Cleaned DataFrame shape: (13, 10)
2025-04-13 22:33:41,917 - INFO - 127.0.0.1 - - [13/Apr/2025 22:33:41] "[36mGET /_dash-component-suites/plotly/package_data/plotly.min.js HTTP/1.1[0m" 304 -
2025-04-13 22:33:41,962 - INFO - 127.0.0.1 - - [13/Apr/2025 22:33:41] "POST /_dash-update-component HTTP/1.1" 200 -
2025-04-13 22:33:42,168 - INFO - 127.0.0.1 - - [13/Apr/2025 22:33:42] "GET /_favicon.ico?v=3.0.2 HTTP/1.1" 200 -
2025-04-13 22:34:14,338 - INFO - Starting job
2025-04-13 22:34:17,711 - INFO - Found agricultural table
2025-04-13 22:34:17,713 - INFO - Scraped DataFrame shape: (13, 10)
2025-04-13 22:34:17,719 - INFO - Cleaned DataFrame shape: (13, 10)
2025-04-13 22:34:17,724 - INFO - Data saved to agri_commodities.csv, rows: 13
2025-04-13 22:34:17,827 - INFO - package: mysql.connector.plugins
2025-04-13 22:34:17,828 - INFO - plugin_name: caching_sha2_password
2025-04-13 22:34:17,828 - INFO - AUTHENTICATION_PLUGIN_CLASS: MySQLCachingSHA2PasswordAuthPlugin
2025-04-13 22:34:17,832 - ERROR - Error loading to MySQL: (mysql.connector.errors.ProgrammingError) 1045 (28000): Access denied for user 'root'@'localhost' (using password: YES)
(Background on this error at: https://sqlalche.me/e/20/f405)
2025-04-13 22:34:17,833 - INFO - Generated statistics: {'total_commodities': 13, 'average_price': np.float64(263.9067076923077), 'max_price': np.float64(2480.0), 'min_price': np.float64(0.8), 'positive_changes': 9, 'negative_changes': 3}
2025-04-13 22:34:17,847 - INFO - Dash is running on http://0.0.0.0:8050/

2025-04-13 22:34:17,855 - INFO - [31m[1mWARNING: This is a development server. Do not use it in a production deployment. Use a production WSGI server instead.[0m
 * Running on all addresses (0.0.0.0)
 * Running on http://127.0.0.1:8050
 * Running on http://192.168.1.153:8050
2025-04-13 22:34:17,856 - INFO - [33mPress CTRL+C to quit[0m
2025-04-13 22:35:42,383 - INFO - 192.168.1.153 - - [13/Apr/2025 22:35:42] "GET / HTTP/1.1" 200 -
2025-04-13 22:35:42,444 - INFO - 192.168.1.153 - - [13/Apr/2025 22:35:42] "GET /_dash-component-suites/dash/deps/polyfill@7.v3_0_2m1744572643.12.1.min.js HTTP/1.1" 200 -
2025-04-13 22:35:42,449 - INFO - 192.168.1.153 - - [13/Apr/2025 22:35:42] "GET /_dash-component-suites/dash/deps/react@18.v3_0_2m1744572643.3.1.min.js HTTP/1.1" 200 -
2025-04-13 22:35:42,449 - INFO - 192.168.1.153 - - [13/Apr/2025 22:35:42] "GET /_dash-component-suites/dash/deps/react-dom@18.v3_0_2m1744572643.3.1.min.js HTTP/1.1" 200 -
2025-04-13 22:35:42,450 - INFO - 192.168.1.153 - - [13/Apr/2025 22:35:42] "GET /_dash-component-suites/dash/deps/prop-types@15.v3_0_2m1744572643.8.1.min.js HTTP/1.1" 200 -
2025-04-13 22:35:42,453 - INFO - 192.168.1.153 - - [13/Apr/2025 22:35:42] "GET /_dash-component-suites/dash/dash-renderer/build/dash_renderer.v3_0_2m1744572643.min.js HTTP/1.1" 200 -
2025-04-13 22:35:42,454 - INFO - 192.168.1.153 - - [13/Apr/2025 22:35:42] "GET /_dash-component-suites/dash/dcc/dash_core_components.v3_0_4m1744572643.js HTTP/1.1" 200 -
2025-04-13 22:35:42,458 - INFO - 192.168.1.153 - - [13/Apr/2025 22:35:42] "GET /_dash-component-suites/dash/dcc/dash_core_components-shared.v3_0_4m1744572643.js HTTP/1.1" 200 -
2025-04-13 22:35:42,461 - INFO - 192.168.1.153 - - [13/Apr/2025 22:35:42] "GET /_dash-component-suites/dash/html/dash_html_components.v3_0_1m1744572643.min.js HTTP/1.1" 200 -
2025-04-13 22:35:42,462 - INFO - 192.168.1.153 - - [13/Apr/2025 22:35:42] "GET /_dash-component-suites/dash/dash_table/bundle.v6_0_1m1744572643.js HTTP/1.1" 200 -
2025-04-13 22:35:44,352 - INFO - 192.168.1.153 - - [13/Apr/2025 22:35:44] "GET /_dash-layout HTTP/1.1" 200 -
2025-04-13 22:35:44,353 - INFO - 192.168.1.153 - - [13/Apr/2025 22:35:44] "GET /_dash-dependencies HTTP/1.1" 200 -
2025-04-13 22:35:44,393 - INFO - 192.168.1.153 - - [13/Apr/2025 22:35:44] "GET /_dash-component-suites/dash/dcc/async-graph.js HTTP/1.1" 200 -
2025-04-13 22:35:44,400 - INFO - 192.168.1.153 - - [13/Apr/2025 22:35:44] "GET /_dash-component-suites/plotly/package_data/plotly.min.js HTTP/1.1" 200 -
2025-04-13 22:35:44,404 - INFO - 192.168.1.153 - - [13/Apr/2025 22:35:44] "POST /_dash-update-component HTTP/1.1" 200 -
2025-04-13 22:35:44,436 - INFO - Cleaned DataFrame shape: (13, 10)
2025-04-13 22:35:44,457 - INFO - 192.168.1.153 - - [13/Apr/2025 22:35:44] "GET /_dash-component-suites/dash/dash_table/async-highlight.js HTTP/1.1" 200 -
2025-04-13 22:35:44,468 - INFO - 192.168.1.153 - - [13/Apr/2025 22:35:44] "GET /_dash-component-suites/dash/dcc/async-dropdown.js HTTP/1.1" 200 -
2025-04-13 22:35:44,607 - INFO - 192.168.1.153 - - [13/Apr/2025 22:35:44] "GET /_dash-component-suites/dash/dash_table/async-table.js HTTP/1.1" 200 -
2025-04-13 22:35:45,622 - INFO - 192.168.1.153 - - [13/Apr/2025 22:35:45] "POST /_dash-update-component HTTP/1.1" 200 -
2025-04-13 22:35:50,972 - INFO - 192.168.1.153 - - [13/Apr/2025 22:35:50] "GET /_favicon.ico?v=3.0.2 HTTP/1.1" 200 -
2025-04-13 22:36:03,070 - INFO - Cleaned DataFrame shape: (13, 10)
2025-04-13 22:36:03,204 - INFO - 192.168.1.153 - - [13/Apr/2025 22:36:03] "POST /_dash-update-component HTTP/1.1" 200 -
2025-04-13 22:36:21,890 - INFO - Cleaned DataFrame shape: (13, 10)
2025-04-13 22:36:22,001 - INFO - 192.168.1.153 - - [13/Apr/2025 22:36:22] "POST /_dash-update-component HTTP/1.1" 200 -
2025-04-13 22:36:30,867 - INFO - Cleaned DataFrame shape: (13, 10)
2025-04-13 22:36:31,000 - INFO - 192.168.1.153 - - [13/Apr/2025 22:36:31] "POST /_dash-update-component HTTP/1.1" 200 -
2025-04-13 22:36:47,289 - INFO - 192.168.1.153 - - [13/Apr/2025 22:36:47] "POST /_dash-update-component HTTP/1.1" 200 -
2025-04-13 22:36:50,815 - INFO - Cleaned DataFrame shape: (13, 10)
2025-04-13 22:36:50,949 - INFO - 192.168.1.153 - - [13/Apr/2025 22:36:50] "POST /_dash-update-component HTTP/1.1" 200 -
2025-04-13 22:37:38,270 - INFO - Cleaned DataFrame shape: (13, 10)
2025-04-13 22:37:38,422 - INFO - 192.168.1.153 - - [13/Apr/2025 22:37:38] "POST /_dash-update-component HTTP/1.1" 200 -
2025-04-13 22:37:49,327 - INFO - 192.168.1.153 - - [13/Apr/2025 22:37:49] "POST /_dash-update-component HTTP/1.1" 200 -
2025-04-13 22:49:30,996 - INFO - 127.0.0.1 - - [13/Apr/2025 22:49:30] "GET / HTTP/1.1" 200 -
2025-04-13 22:49:32,001 - INFO - 127.0.0.1 - - [13/Apr/2025 22:49:32] "GET /_dash-layout HTTP/1.1" 200 -
2025-04-13 22:49:32,003 - INFO - 127.0.0.1 - - [13/Apr/2025 22:49:32] "GET /_dash-dependencies HTTP/1.1" 200 -
2025-04-13 22:49:32,084 - INFO - 127.0.0.1 - - [13/Apr/2025 22:49:32] "GET /_dash-component-suites/dash/dcc/async-dropdown.js HTTP/1.1" 200 -
2025-04-13 22:49:32,096 - INFO - 127.0.0.1 - - [13/Apr/2025 22:49:32] "[36mGET /_dash-component-suites/dash/dcc/async-graph.js HTTP/1.1[0m" 304 -
2025-04-13 22:49:32,104 - INFO - 127.0.0.1 - - [13/Apr/2025 22:49:32] "GET /_dash-component-suites/dash/dash_table/async-highlight.js HTTP/1.1" 200 -
2025-04-13 22:49:32,109 - INFO - 127.0.0.1 - - [13/Apr/2025 22:49:32] "GET /_dash-component-suites/dash/dash_table/async-table.js HTTP/1.1" 200 -
2025-04-13 22:49:32,111 - INFO - 127.0.0.1 - - [13/Apr/2025 22:49:32] "[36mGET /_dash-component-suites/plotly/package_data/plotly.min.js HTTP/1.1[0m" 304 -
2025-04-13 22:49:32,115 - INFO - 127.0.0.1 - - [13/Apr/2025 22:49:32] "POST /_dash-update-component HTTP/1.1" 200 -
2025-04-13 22:49:32,132 - INFO - Cleaned DataFrame shape: (13, 10)
2025-04-13 22:49:32,189 - INFO - 127.0.0.1 - - [13/Apr/2025 22:49:32] "POST /_dash-update-component HTTP/1.1" 200 -
2025-04-13 22:51:08,110 - INFO - Cleaned DataFrame shape: (13, 10)
2025-04-13 22:51:08,389 - INFO - 127.0.0.1 - - [13/Apr/2025 22:51:08] "POST /_dash-update-component HTTP/1.1" 200 -
2025-04-13 22:57:12,522 - INFO - 127.0.0.1 - - [13/Apr/2025 22:57:12] "GET / HTTP/1.1" 200 -
2025-04-13 22:57:12,675 - INFO - 127.0.0.1 - - [13/Apr/2025 22:57:12] "GET /_dash-layout HTTP/1.1" 200 -
2025-04-13 22:57:12,677 - INFO - 127.0.0.1 - - [13/Apr/2025 22:57:12] "GET /_dash-dependencies HTTP/1.1" 200 -
2025-04-13 22:57:12,727 - INFO - 127.0.0.1 - - [13/Apr/2025 22:57:12] "[36mGET /_dash-component-suites/dash/dcc/async-dropdown.js HTTP/1.1[0m" 304 -
2025-04-13 22:57:12,732 - INFO - 127.0.0.1 - - [13/Apr/2025 22:57:12] "[36mGET /_dash-component-suites/dash/dcc/async-graph.js HTTP/1.1[0m" 304 -
2025-04-13 22:57:12,737 - INFO - 127.0.0.1 - - [13/Apr/2025 22:57:12] "[36mGET /_dash-component-suites/dash/dash_table/async-highlight.js HTTP/1.1[0m" 304 -
2025-04-13 22:57:12,743 - INFO - 127.0.0.1 - - [13/Apr/2025 22:57:12] "POST /_dash-update-component HTTP/1.1" 200 -
2025-04-13 22:57:12,750 - INFO - 127.0.0.1 - - [13/Apr/2025 22:57:12] "[36mGET /_dash-component-suites/plotly/package_data/plotly.min.js HTTP/1.1[0m" 304 -
2025-04-13 22:57:12,751 - INFO - 127.0.0.1 - - [13/Apr/2025 22:57:12] "[36mGET /_dash-component-suites/dash/dash_table/async-table.js HTTP/1.1[0m" 304 -
2025-04-13 22:57:12,769 - INFO - Cleaned DataFrame shape: (13, 10)
2025-04-13 22:57:12,909 - INFO - 127.0.0.1 - - [13/Apr/2025 22:57:12] "POST /_dash-update-component HTTP/1.1" 200 -
2025-04-13 22:57:13,292 - INFO - 127.0.0.1 - - [13/Apr/2025 22:57:13] "GET /_favicon.ico?v=3.0.2 HTTP/1.1" 200 -
2025-04-13 22:57:40,383 - INFO - Starting job
2025-04-13 22:57:40,403 - ERROR - Error scraping data: HTTPSConnectionPool(host='tradingeconomics.com', port=443): Max retries exceeded with url: /commodities (Caused by NameResolutionError("<urllib3.connection.HTTPSConnection object at 0x000001E55603AA50>: Failed to resolve 'tradingeconomics.com' ([Errno 11001] getaddrinfo failed)"))
2025-04-13 22:57:40,404 - WARNING - No data scraped
2025-04-13 22:57:40,422 - INFO - Dash is running on http://0.0.0.0:8050/

2025-04-13 22:57:40,433 - INFO - [31m[1mWARNING: This is a development server. Do not use it in a production deployment. Use a production WSGI server instead.[0m
 * Running on all addresses (0.0.0.0)
 * Running on http://127.0.0.1:8050
 * Running on http://192.168.1.153:8050
2025-04-13 22:57:40,434 - INFO - [33mPress CTRL+C to quit[0m
2025-04-13 22:57:46,775 - INFO - 127.0.0.1 - - [13/Apr/2025 22:57:46] "GET / HTTP/1.1" 200 -
2025-04-13 22:57:47,184 - INFO - 127.0.0.1 - - [13/Apr/2025 22:57:47] "GET /_dash-layout HTTP/1.1" 200 -
2025-04-13 22:57:47,185 - INFO - 127.0.0.1 - - [13/Apr/2025 22:57:47] "GET /_dash-dependencies HTTP/1.1" 200 -
2025-04-13 22:57:47,214 - INFO - 127.0.0.1 - - [13/Apr/2025 22:57:47] "[36mGET /_dash-component-suites/dash/dcc/async-dropdown.js HTTP/1.1[0m" 304 -
2025-04-13 22:57:47,225 - INFO - 127.0.0.1 - - [13/Apr/2025 22:57:47] "[36mGET /_dash-component-suites/dash/dcc/async-graph.js HTTP/1.1[0m" 304 -
2025-04-13 22:57:47,234 - INFO - 127.0.0.1 - - [13/Apr/2025 22:57:47] "[36mGET /_dash-component-suites/plotly/package_data/plotly.min.js HTTP/1.1[0m" 304 -
2025-04-13 22:57:47,239 - INFO - 127.0.0.1 - - [13/Apr/2025 22:57:47] "POST /_dash-update-component HTTP/1.1" 200 -
2025-04-13 22:57:47,258 - INFO - Cleaned DataFrame shape: (13, 10)
2025-04-13 22:57:47,259 - WARNING - No agricultural commodities found in data
2025-04-13 22:57:47,850 - INFO - 127.0.0.1 - - [13/Apr/2025 22:57:47] "POST /_dash-update-component HTTP/1.1" 200 -
2025-04-13 23:00:28,514 - INFO - Starting job
2025-04-13 23:00:39,862 - ERROR - Error scraping data: HTTPSConnectionPool(host='tradingeconomics.com', port=443): Max retries exceeded with url: /commodities (Caused by NameResolutionError("<urllib3.connection.HTTPSConnection object at 0x000001806193AA50>: Failed to resolve 'tradingeconomics.com' ([Errno 11001] getaddrinfo failed)"))
2025-04-13 23:00:39,864 - WARNING - No data scraped
2025-04-13 23:00:39,930 - INFO - Dash is running on http://0.0.0.0:8050/

2025-04-13 23:00:39,977 - INFO - [31m[1mWARNING: This is a development server. Do not use it in a production deployment. Use a production WSGI server instead.[0m
 * Running on all addresses (0.0.0.0)
 * Running on http://127.0.0.1:8050
 * Running on http://192.168.1.153:8050
2025-04-13 23:00:39,980 - INFO - [33mPress CTRL+C to quit[0m
2025-04-13 23:00:40,226 - INFO - 127.0.0.1 - - [13/Apr/2025 23:00:40] "GET /_reload-hash HTTP/1.1" 200 -
2025-04-13 23:00:40,290 - INFO - 127.0.0.1 - - [13/Apr/2025 23:00:40] "GET /_dash-layout HTTP/1.1" 200 -
2025-04-13 23:00:40,291 - INFO - 127.0.0.1 - - [13/Apr/2025 23:00:40] "GET /_dash-dependencies HTTP/1.1" 200 -
2025-04-13 23:00:40,410 - INFO - 127.0.0.1 - - [13/Apr/2025 23:00:40] "[36mGET /_dash-component-suites/dash/dcc/async-dropdown.js HTTP/1.1[0m" 304 -
2025-04-13 23:00:40,582 - INFO - 127.0.0.1 - - [13/Apr/2025 23:00:40] "POST /_dash-update-component HTTP/1.1" 200 -
2025-04-13 23:00:40,627 - INFO - Cleaned DataFrame shape: (13, 10)
2025-04-13 23:00:40,632 - WARNING - No agricultural commodities found in data
2025-04-13 23:00:41,711 - INFO - 127.0.0.1 - - [13/Apr/2025 23:00:41] "POST /_dash-update-component HTTP/1.1" 200 -
2025-04-13 23:00:42,947 - INFO - 127.0.0.1 - - [13/Apr/2025 23:00:42] "GET /_reload-hash HTTP/1.1" 200 -
2025-04-13 23:00:45,940 - INFO - 127.0.0.1 - - [13/Apr/2025 23:00:45] "GET /_reload-hash HTTP/1.1" 200 -
2025-04-13 23:00:48,944 - INFO - 127.0.0.1 - - [13/Apr/2025 23:00:48] "GET /_reload-hash HTTP/1.1" 200 -
2025-04-13 23:00:51,942 - INFO - 127.0.0.1 - - [13/Apr/2025 23:00:51] "GET /_reload-hash HTTP/1.1" 200 -
2025-04-13 23:00:54,946 - INFO - 127.0.0.1 - - [13/Apr/2025 23:00:54] "GET /_reload-hash HTTP/1.1" 200 -
2025-04-13 23:00:57,936 - INFO - 127.0.0.1 - - [13/Apr/2025 23:00:57] "GET /_reload-hash HTTP/1.1" 200 -
2025-04-13 23:01:00,940 - INFO - 127.0.0.1 - - [13/Apr/2025 23:01:00] "GET /_reload-hash HTTP/1.1" 200 -
2025-04-13 23:01:03,958 - INFO - 127.0.0.1 - - [13/Apr/2025 23:01:03] "GET /_reload-hash HTTP/1.1" 200 -
2025-04-13 23:01:06,936 - INFO - 127.0.0.1 - - [13/Apr/2025 23:01:06] "GET /_reload-hash HTTP/1.1" 200 -
2025-04-13 23:01:09,940 - INFO - 127.0.0.1 - - [13/Apr/2025 23:01:09] "GET /_reload-hash HTTP/1.1" 200 -
2025-04-13 23:01:12,952 - INFO - 127.0.0.1 - - [13/Apr/2025 23:01:12] "GET /_reload-hash HTTP/1.1" 200 -
2025-04-13 23:01:15,951 - INFO - 127.0.0.1 - - [13/Apr/2025 23:01:15] "GET /_reload-hash HTTP/1.1" 200 -
2025-04-13 23:01:18,938 - INFO - 127.0.0.1 - - [13/Apr/2025 23:01:18] "GET /_reload-hash HTTP/1.1" 200 -
2025-04-13 23:01:21,946 - INFO - 127.0.0.1 - - [13/Apr/2025 23:01:21] "GET /_reload-hash HTTP/1.1" 200 -
2025-04-13 23:01:24,949 - INFO - 127.0.0.1 - - [13/Apr/2025 23:01:24] "GET /_reload-hash HTTP/1.1" 200 -
2025-04-13 23:01:27,946 - INFO - 127.0.0.1 - - [13/Apr/2025 23:01:27] "GET /_reload-hash HTTP/1.1" 200 -
2025-04-13 23:01:30,970 - INFO - 127.0.0.1 - - [13/Apr/2025 23:01:30] "GET /_reload-hash HTTP/1.1" 200 -
2025-04-13 23:01:33,947 - INFO - 127.0.0.1 - - [13/Apr/2025 23:01:33] "GET /_reload-hash HTTP/1.1" 200 -
2025-04-13 23:02:10,948 - INFO - 127.0.0.1 - - [13/Apr/2025 23:02:10] "GET /_reload-hash HTTP/1.1" 200 -
2025-04-13 23:03:10,977 - INFO - 127.0.0.1 - - [13/Apr/2025 23:03:10] "GET /_reload-hash HTTP/1.1" 200 -
2025-04-13 23:03:41,963 - ERROR - Exception on /_dash-update-component [POST]
Traceback (most recent call last):
  File "C:\Users\User\AppData\Local\Packages\PythonSoftwareFoundation.Python.3.13_qbz5n2kfra8p0\LocalCache\local-packages\Python313\site-packages\dash\dash.py", line 1326, in dispatch
    cb = self.callback_map[output]
         ~~~~~~~~~~~~~~~~~^^^^^^^^
KeyError: '..price-chart.figure...change-chart.figure...last-update-time.children..'

The above exception was the direct cause of the following exception:

Traceback (most recent call last):
  File "C:\Users\User\AppData\Local\Packages\PythonSoftwareFoundation.Python.3.13_qbz5n2kfra8p0\LocalCache\local-packages\Python313\site-packages\flask\app.py", line 1473, in wsgi_app
    response = self.full_dispatch_request()
  File "C:\Users\User\AppData\Local\Packages\PythonSoftwareFoundation.Python.3.13_qbz5n2kfra8p0\LocalCache\local-packages\Python313\site-packages\flask\app.py", line 882, in full_dispatch_request
    rv = self.handle_user_exception(e)
  File "C:\Users\User\AppData\Local\Packages\PythonSoftwareFoundation.Python.3.13_qbz5n2kfra8p0\LocalCache\local-packages\Python313\site-packages\flask\app.py", line 880, in full_dispatch_request
    rv = self.dispatch_request()
  File "C:\Users\User\AppData\Local\Packages\PythonSoftwareFoundation.Python.3.13_qbz5n2kfra8p0\LocalCache\local-packages\Python313\site-packages\flask\app.py", line 865, in dispatch_request
    return self.ensure_sync(self.view_functions[rule.endpoint])(**view_args)  # type: ignore[no-any-return]
           ~~~~~~~~~~~~~~~~~~~~~~~~~~~~~~~~~~~~~~~~~~~~~~~~~~~~^^^^^^^^^^^^^
  File "C:\Users\User\AppData\Local\Packages\PythonSoftwareFoundation.Python.3.13_qbz5n2kfra8p0\LocalCache\local-packages\Python313\site-packages\dash\dash.py", line 1400, in dispatch
    raise KeyError(msg) from missing_callback_function
KeyError: "Callback function not found for output '..price-chart.figure...change-chart.figure...last-update-time.children..', perhaps you forgot to prepend the '@'?"
2025-04-13 23:03:42,090 - INFO - 127.0.0.1 - - [13/Apr/2025 23:03:42] "[35m[1mPOST /_dash-update-component HTTP/1.1[0m" 500 -
2025-04-13 23:04:10,973 - INFO - 127.0.0.1 - - [13/Apr/2025 23:04:10] "GET /_reload-hash HTTP/1.1" 200 -
2025-04-13 23:05:10,997 - INFO - 127.0.0.1 - - [13/Apr/2025 23:05:10] "GET /_reload-hash HTTP/1.1" 200 -
2025-04-13 23:06:10,952 - INFO - 127.0.0.1 - - [13/Apr/2025 23:06:10] "GET /_reload-hash HTTP/1.1" 200 -
2025-04-13 23:07:10,947 - INFO - 127.0.0.1 - - [13/Apr/2025 23:07:10] "GET /_reload-hash HTTP/1.1" 200 -
2025-04-13 23:08:10,967 - INFO - 127.0.0.1 - - [13/Apr/2025 23:08:10] "GET /_reload-hash HTTP/1.1" 200 -
2025-04-13 23:09:10,959 - INFO - 127.0.0.1 - - [13/Apr/2025 23:09:10] "GET /_reload-hash HTTP/1.1" 200 -
2025-04-13 23:10:10,967 - INFO - 127.0.0.1 - - [13/Apr/2025 23:10:10] "GET /_reload-hash HTTP/1.1" 200 -
2025-04-13 23:10:12,642 - INFO - 127.0.0.1 - - [13/Apr/2025 23:10:12] "GET /_reload-hash HTTP/1.1" 200 -
2025-04-13 23:10:15,648 - INFO - 127.0.0.1 - - [13/Apr/2025 23:10:15] "GET /_reload-hash HTTP/1.1" 200 -
2025-04-13 23:10:18,652 - INFO - 127.0.0.1 - - [13/Apr/2025 23:10:18] "GET /_reload-hash HTTP/1.1" 200 -
2025-04-13 23:10:21,641 - INFO - 127.0.0.1 - - [13/Apr/2025 23:10:21] "GET /_reload-hash HTTP/1.1" 200 -
2025-04-13 23:10:22,718 - INFO - 127.0.0.1 - - [13/Apr/2025 23:10:22] "GET / HTTP/1.1" 200 -
2025-04-13 23:10:22,890 - INFO - 127.0.0.1 - - [13/Apr/2025 23:10:22] "GET /_dash-layout HTTP/1.1" 200 -
2025-04-13 23:10:22,893 - INFO - 127.0.0.1 - - [13/Apr/2025 23:10:22] "GET /_dash-dependencies HTTP/1.1" 200 -
2025-04-13 23:10:22,954 - INFO - 127.0.0.1 - - [13/Apr/2025 23:10:22] "[36mGET /_dash-component-suites/dash/dcc/async-dropdown.js HTTP/1.1[0m" 304 -
2025-04-13 23:10:22,965 - INFO - 127.0.0.1 - - [13/Apr/2025 23:10:22] "[36mGET /_dash-component-suites/dash/dcc/async-graph.js HTTP/1.1[0m" 304 -
2025-04-13 23:10:22,971 - INFO - 127.0.0.1 - - [13/Apr/2025 23:10:22] "POST /_dash-update-component HTTP/1.1" 200 -
2025-04-13 23:10:22,984 - INFO - 127.0.0.1 - - [13/Apr/2025 23:10:22] "[36mGET /_dash-component-suites/plotly/package_data/plotly.min.js HTTP/1.1[0m" 304 -
2025-04-13 23:10:23,000 - INFO - Cleaned DataFrame shape: (13, 10)
2025-04-13 23:10:23,006 - WARNING - No agricultural commodities found in data
2025-04-13 23:10:23,191 - INFO - 127.0.0.1 - - [13/Apr/2025 23:10:23] "POST /_dash-update-component HTTP/1.1" 200 -
2025-04-13 23:10:23,648 - INFO - 127.0.0.1 - - [13/Apr/2025 23:10:23] "GET /_favicon.ico?v=3.0.2 HTTP/1.1" 200 -
2025-04-13 23:19:26,074 - INFO - 127.0.0.1 - - [13/Apr/2025 23:19:26] "GET / HTTP/1.1" 200 -
2025-04-13 23:19:26,190 - INFO - 127.0.0.1 - - [13/Apr/2025 23:19:26] "GET /_dash-layout HTTP/1.1" 200 -
2025-04-13 23:19:26,191 - INFO - 127.0.0.1 - - [13/Apr/2025 23:19:26] "GET /_dash-dependencies HTTP/1.1" 200 -
2025-04-13 23:19:26,223 - INFO - 127.0.0.1 - - [13/Apr/2025 23:19:26] "[36mGET /_dash-component-suites/dash/dcc/async-dropdown.js HTTP/1.1[0m" 304 -
2025-04-13 23:19:26,230 - INFO - 127.0.0.1 - - [13/Apr/2025 23:19:26] "[36mGET /_dash-component-suites/dash/dcc/async-graph.js HTTP/1.1[0m" 304 -
2025-04-13 23:19:26,239 - INFO - 127.0.0.1 - - [13/Apr/2025 23:19:26] "POST /_dash-update-component HTTP/1.1" 200 -
2025-04-13 23:19:26,245 - INFO - 127.0.0.1 - - [13/Apr/2025 23:19:26] "[36mGET /_dash-component-suites/plotly/package_data/plotly.min.js HTTP/1.1[0m" 304 -
2025-04-13 23:19:26,268 - INFO - Cleaned DataFrame shape: (13, 10)
2025-04-13 23:19:26,270 - WARNING - No agricultural commodities found in data
2025-04-13 23:19:26,355 - INFO - 127.0.0.1 - - [13/Apr/2025 23:19:26] "POST /_dash-update-component HTTP/1.1" 200 -
2025-04-13 23:19:26,562 - INFO - 127.0.0.1 - - [13/Apr/2025 23:19:26] "GET /_favicon.ico?v=3.0.2 HTTP/1.1" 200 -
2025-04-13 23:19:28,613 - INFO - 127.0.0.1 - - [13/Apr/2025 23:19:28] "GET / HTTP/1.1" 200 -
2025-04-13 23:19:28,707 - INFO - 127.0.0.1 - - [13/Apr/2025 23:19:28] "GET /_dash-layout HTTP/1.1" 200 -
2025-04-13 23:19:28,711 - INFO - 127.0.0.1 - - [13/Apr/2025 23:19:28] "GET /_dash-dependencies HTTP/1.1" 200 -
2025-04-13 23:19:28,732 - INFO - 127.0.0.1 - - [13/Apr/2025 23:19:28] "[36mGET /_dash-component-suites/dash/dcc/async-dropdown.js HTTP/1.1[0m" 304 -
2025-04-13 23:19:28,740 - INFO - 127.0.0.1 - - [13/Apr/2025 23:19:28] "[36mGET /_dash-component-suites/dash/dcc/async-graph.js HTTP/1.1[0m" 304 -
2025-04-13 23:19:28,750 - INFO - 127.0.0.1 - - [13/Apr/2025 23:19:28] "POST /_dash-update-component HTTP/1.1" 200 -
2025-04-13 23:19:28,752 - INFO - 127.0.0.1 - - [13/Apr/2025 23:19:28] "[36mGET /_dash-component-suites/plotly/package_data/plotly.min.js HTTP/1.1[0m" 304 -
2025-04-13 23:19:28,779 - INFO - Cleaned DataFrame shape: (13, 10)
2025-04-13 23:19:28,783 - WARNING - No agricultural commodities found in data
2025-04-13 23:19:28,890 - INFO - 127.0.0.1 - - [13/Apr/2025 23:19:28] "POST /_dash-update-component HTTP/1.1" 200 -
2025-04-13 23:19:29,038 - INFO - 127.0.0.1 - - [13/Apr/2025 23:19:29] "GET /_favicon.ico?v=3.0.2 HTTP/1.1" 200 -
2025-04-13 23:19:51,248 - INFO - Starting job
2025-04-13 23:19:54,083 - INFO - Found agricultural table with 9 matches
2025-04-13 23:20:37,182 - INFO - Starting job
2025-04-13 23:20:40,192 - INFO - Found agricultural table with 9 matches
2025-04-13 23:21:31,638 - INFO - Starting job
2025-04-13 23:21:34,536 - INFO - Found agricultural table
2025-04-13 23:21:34,539 - INFO - Scraped DataFrame shape: (13, 10)
2025-04-13 23:21:34,552 - INFO - Cleaned DataFrame shape: (13, 10)
2025-04-13 23:21:34,580 - INFO - Data saved to agri_commodities.csv, rows: 13
2025-04-13 23:21:35,169 - INFO - package: mysql.connector.plugins
2025-04-13 23:21:35,170 - INFO - plugin_name: caching_sha2_password
2025-04-13 23:21:35,170 - INFO - AUTHENTICATION_PLUGIN_CLASS: MySQLCachingSHA2PasswordAuthPlugin
2025-04-13 23:21:35,178 - ERROR - Error loading to MySQL: (mysql.connector.errors.ProgrammingError) 1045 (28000): Access denied for user 'root'@'localhost' (using password: YES)
(Background on this error at: https://sqlalche.me/e/20/f405)
2025-04-13 23:21:35,181 - INFO - Generated statistics: {'total_commodities': 13, 'average_price': np.float64(263.9067076923077), 'max_price': np.float64(2480.0), 'min_price': np.float64(0.8), 'positive_changes': 9, 'negative_changes': 3}
2025-04-13 23:21:35,245 - INFO - Dash is running on http://0.0.0.0:8050/

2025-04-13 23:21:35,284 - INFO - [31m[1mWARNING: This is a development server. Do not use it in a production deployment. Use a production WSGI server instead.[0m
 * Running on all addresses (0.0.0.0)
 * Running on http://127.0.0.1:8050
 * Running on http://192.168.1.153:8050
2025-04-13 23:21:35,285 - INFO - [33mPress CTRL+C to quit[0m
2025-04-13 23:21:42,397 - INFO - 127.0.0.1 - - [13/Apr/2025 23:21:42] "GET / HTTP/1.1" 200 -
2025-04-13 23:21:42,726 - INFO - 127.0.0.1 - - [13/Apr/2025 23:21:42] "GET /_dash-layout HTTP/1.1" 200 -
2025-04-13 23:21:42,727 - INFO - 127.0.0.1 - - [13/Apr/2025 23:21:42] "GET /_dash-dependencies HTTP/1.1" 200 -
2025-04-13 23:21:42,820 - INFO - 127.0.0.1 - - [13/Apr/2025 23:21:42] "[36mGET /_dash-component-suites/dash/dcc/async-dropdown.js HTTP/1.1[0m" 304 -
2025-04-13 23:21:42,840 - INFO - 127.0.0.1 - - [13/Apr/2025 23:21:42] "[36mGET /_dash-component-suites/dash/dcc/async-graph.js HTTP/1.1[0m" 304 -
2025-04-13 23:21:42,848 - INFO - 127.0.0.1 - - [13/Apr/2025 23:21:42] "POST /_dash-update-component HTTP/1.1" 200 -
2025-04-13 23:21:42,850 - INFO - 127.0.0.1 - - [13/Apr/2025 23:21:42] "[36mGET /_dash-component-suites/plotly/package_data/plotly.min.js HTTP/1.1[0m" 304 -
2025-04-13 23:21:42,874 - INFO - Cleaned DataFrame shape: (13, 10)
2025-04-13 23:21:42,876 - WARNING - No agricultural commodities found in data
2025-04-13 23:21:46,043 - INFO - 127.0.0.1 - - [13/Apr/2025 23:21:46] "POST /_dash-update-component HTTP/1.1" 200 -
2025-04-13 23:22:16,896 - INFO - 127.0.0.1 - - [13/Apr/2025 23:22:16] "GET / HTTP/1.1" 200 -
2025-04-13 23:22:17,028 - INFO - 127.0.0.1 - - [13/Apr/2025 23:22:17] "GET /_dash-layout HTTP/1.1" 200 -
2025-04-13 23:22:17,032 - INFO - 127.0.0.1 - - [13/Apr/2025 23:22:17] "GET /_dash-dependencies HTTP/1.1" 200 -
2025-04-13 23:22:17,065 - INFO - 127.0.0.1 - - [13/Apr/2025 23:22:17] "[36mGET /_dash-component-suites/dash/dcc/async-dropdown.js HTTP/1.1[0m" 304 -
2025-04-13 23:22:17,073 - INFO - 127.0.0.1 - - [13/Apr/2025 23:22:17] "[36mGET /_dash-component-suites/dash/dcc/async-graph.js HTTP/1.1[0m" 304 -
2025-04-13 23:22:17,079 - INFO - 127.0.0.1 - - [13/Apr/2025 23:22:17] "[36mGET /_dash-component-suites/plotly/package_data/plotly.min.js HTTP/1.1[0m" 304 -
2025-04-13 23:22:17,094 - INFO - 127.0.0.1 - - [13/Apr/2025 23:22:17] "POST /_dash-update-component HTTP/1.1" 200 -
2025-04-13 23:22:17,113 - INFO - Cleaned DataFrame shape: (13, 10)
2025-04-13 23:22:17,115 - WARNING - No agricultural commodities found in data
2025-04-13 23:22:17,177 - INFO - 127.0.0.1 - - [13/Apr/2025 23:22:17] "POST /_dash-update-component HTTP/1.1" 200 -
2025-04-13 23:22:17,581 - INFO - 127.0.0.1 - - [13/Apr/2025 23:22:17] "GET /_favicon.ico?v=3.0.2 HTTP/1.1" 200 -
2025-04-13 23:22:19,965 - INFO - 127.0.0.1 - - [13/Apr/2025 23:22:19] "GET / HTTP/1.1" 200 -
2025-04-13 23:22:20,065 - INFO - 127.0.0.1 - - [13/Apr/2025 23:22:20] "GET /_dash-layout HTTP/1.1" 200 -
2025-04-13 23:22:20,067 - INFO - 127.0.0.1 - - [13/Apr/2025 23:22:20] "GET /_dash-dependencies HTTP/1.1" 200 -
2025-04-13 23:22:20,089 - INFO - 127.0.0.1 - - [13/Apr/2025 23:22:20] "[36mGET /_dash-component-suites/dash/dcc/async-dropdown.js HTTP/1.1[0m" 304 -
2025-04-13 23:22:20,094 - INFO - 127.0.0.1 - - [13/Apr/2025 23:22:20] "[36mGET /_dash-component-suites/dash/dcc/async-graph.js HTTP/1.1[0m" 304 -
2025-04-13 23:22:20,100 - INFO - 127.0.0.1 - - [13/Apr/2025 23:22:20] "GET /_favicon.ico?v=3.0.2 HTTP/1.1" 200 -
2025-04-13 23:22:20,106 - INFO - 127.0.0.1 - - [13/Apr/2025 23:22:20] "POST /_dash-update-component HTTP/1.1" 200 -
2025-04-13 23:22:20,107 - INFO - 127.0.0.1 - - [13/Apr/2025 23:22:20] "[36mGET /_dash-component-suites/plotly/package_data/plotly.min.js HTTP/1.1[0m" 304 -
2025-04-13 23:22:20,138 - INFO - Cleaned DataFrame shape: (13, 10)
2025-04-13 23:22:20,141 - WARNING - No agricultural commodities found in data
2025-04-13 23:22:20,257 - INFO - 127.0.0.1 - - [13/Apr/2025 23:22:20] "POST /_dash-update-component HTTP/1.1" 200 -
2025-04-13 23:27:12,772 - ERROR - Exception on /_dash-update-component [POST]
Traceback (most recent call last):
  File "C:\Users\User\AppData\Local\Packages\PythonSoftwareFoundation.Python.3.13_qbz5n2kfra8p0\LocalCache\local-packages\Python313\site-packages\dash\dash.py", line 1326, in dispatch
    cb = self.callback_map[output]
         ~~~~~~~~~~~~~~~~~^^^^^^^^
KeyError: '..price-chart.figure...change-chart.figure...last-update-time.children...commodity-dropdown.options...data-table.columns...data-table.data...loading-output.children..'

The above exception was the direct cause of the following exception:

Traceback (most recent call last):
  File "C:\Users\User\AppData\Local\Packages\PythonSoftwareFoundation.Python.3.13_qbz5n2kfra8p0\LocalCache\local-packages\Python313\site-packages\flask\app.py", line 1473, in wsgi_app
    response = self.full_dispatch_request()
  File "C:\Users\User\AppData\Local\Packages\PythonSoftwareFoundation.Python.3.13_qbz5n2kfra8p0\LocalCache\local-packages\Python313\site-packages\flask\app.py", line 882, in full_dispatch_request
    rv = self.handle_user_exception(e)
  File "C:\Users\User\AppData\Local\Packages\PythonSoftwareFoundation.Python.3.13_qbz5n2kfra8p0\LocalCache\local-packages\Python313\site-packages\flask\app.py", line 880, in full_dispatch_request
    rv = self.dispatch_request()
  File "C:\Users\User\AppData\Local\Packages\PythonSoftwareFoundation.Python.3.13_qbz5n2kfra8p0\LocalCache\local-packages\Python313\site-packages\flask\app.py", line 865, in dispatch_request
    return self.ensure_sync(self.view_functions[rule.endpoint])(**view_args)  # type: ignore[no-any-return]
           ~~~~~~~~~~~~~~~~~~~~~~~~~~~~~~~~~~~~~~~~~~~~~~~~~~~~^^^^^^^^^^^^^
  File "C:\Users\User\AppData\Local\Packages\PythonSoftwareFoundation.Python.3.13_qbz5n2kfra8p0\LocalCache\local-packages\Python313\site-packages\dash\dash.py", line 1400, in dispatch
    raise KeyError(msg) from missing_callback_function
KeyError: "Callback function not found for output '..price-chart.figure...change-chart.figure...last-update-time.children...commodity-dropdown.options...data-table.columns...data-table.data...loading-output.children..', perhaps you forgot to prepend the '@'?"
2025-04-13 23:27:12,794 - INFO - 127.0.0.1 - - [13/Apr/2025 23:27:12] "[35m[1mPOST /_dash-update-component HTTP/1.1[0m" 500 -
2025-04-13 23:27:24,344 - INFO - 127.0.0.1 - - [13/Apr/2025 23:27:24] "GET / HTTP/1.1" 200 -
2025-04-13 23:27:24,455 - INFO - 127.0.0.1 - - [13/Apr/2025 23:27:24] "GET /_dash-layout HTTP/1.1" 200 -
2025-04-13 23:27:24,461 - INFO - 127.0.0.1 - - [13/Apr/2025 23:27:24] "GET /_dash-dependencies HTTP/1.1" 200 -
2025-04-13 23:27:24,567 - INFO - 127.0.0.1 - - [13/Apr/2025 23:27:24] "GET /_favicon.ico?v=3.0.2 HTTP/1.1" 200 -
2025-04-13 23:27:24,592 - INFO - 127.0.0.1 - - [13/Apr/2025 23:27:24] "[36mGET /_dash-component-suites/dash/dcc/async-dropdown.js HTTP/1.1[0m" 304 -
2025-04-13 23:27:24,593 - INFO - 127.0.0.1 - - [13/Apr/2025 23:27:24] "[36mGET /_dash-component-suites/dash/dcc/async-graph.js HTTP/1.1[0m" 304 -
2025-04-13 23:27:24,615 - INFO - 127.0.0.1 - - [13/Apr/2025 23:27:24] "[36mGET /_dash-component-suites/plotly/package_data/plotly.min.js HTTP/1.1[0m" 304 -
2025-04-13 23:27:24,632 - INFO - 127.0.0.1 - - [13/Apr/2025 23:27:24] "POST /_dash-update-component HTTP/1.1" 200 -
2025-04-13 23:27:24,658 - INFO - Cleaned DataFrame shape: (13, 10)
2025-04-13 23:27:24,667 - WARNING - No agricultural commodities found in data
2025-04-13 23:27:24,796 - INFO - 127.0.0.1 - - [13/Apr/2025 23:27:24] "POST /_dash-update-component HTTP/1.1" 200 -
2025-04-13 23:27:46,064 - INFO - Starting job
2025-04-13 23:27:49,763 - INFO - Found agricultural table with 8 matches
2025-04-13 23:30:59,240 - INFO - Starting job
2025-04-13 23:31:02,560 - INFO - Found agricultural table with 8 matches
2025-04-13 23:31:02,562 - WARNING - Column rename skipped due to mismatch: 9 vs 10
2025-04-13 23:31:02,563 - INFO - Scraped DataFrame shape: (23, 10)
2025-04-13 23:31:02,563 - INFO - Final columns: ['Agricultural', 'Price', 'Day', '%', 'Weekly', 'Monthly', 'YTD', 'YoY', 'Date', 'timestamp']
2025-04-13 23:31:02,602 - ERROR - Invalid DataFrame structure
2025-04-13 23:31:02,603 - WARNING - No data scraped
2025-04-13 23:31:02,628 - INFO - Dash is running on http://0.0.0.0:8050/

2025-04-13 23:31:02,640 - INFO - [31m[1mWARNING: This is a development server. Do not use it in a production deployment. Use a production WSGI server instead.[0m
 * Running on all addresses (0.0.0.0)
 * Running on http://127.0.0.1:8050
 * Running on http://192.168.1.153:8050
2025-04-13 23:31:02,643 - INFO - [33mPress CTRL+C to quit[0m
2025-04-13 23:31:21,987 - INFO - 192.168.1.153 - - [13/Apr/2025 23:31:21] "GET / HTTP/1.1" 200 -
2025-04-13 23:31:22,234 - INFO - 192.168.1.153 - - [13/Apr/2025 23:31:22] "GET /_dash-layout HTTP/1.1" 200 -
2025-04-13 23:31:22,235 - INFO - 192.168.1.153 - - [13/Apr/2025 23:31:22] "GET /_dash-dependencies HTTP/1.1" 200 -
2025-04-13 23:31:22,264 - INFO - 192.168.1.153 - - [13/Apr/2025 23:31:22] "[36mGET /_dash-component-suites/dash/dcc/async-graph.js HTTP/1.1[0m" 304 -
2025-04-13 23:31:22,272 - INFO - 192.168.1.153 - - [13/Apr/2025 23:31:22] "[36mGET /_dash-component-suites/plotly/package_data/plotly.min.js HTTP/1.1[0m" 304 -
2025-04-13 23:31:22,298 - WARNING - Only 0 agricultural commodities found
2025-04-13 23:31:22,299 - WARNING - No cleaned data for dashboard
2025-04-13 23:31:22,328 - INFO - 192.168.1.153 - - [13/Apr/2025 23:31:22] "[36mGET /_dash-component-suites/dash/dash_table/async-highlight.js HTTP/1.1[0m" 304 -
2025-04-13 23:31:22,446 - INFO - 192.168.1.153 - - [13/Apr/2025 23:31:22] "[36mGET /_dash-component-suites/dash/dash_table/async-table.js HTTP/1.1[0m" 304 -
2025-04-13 23:31:23,498 - INFO - 192.168.1.153 - - [13/Apr/2025 23:31:23] "POST /_dash-update-component HTTP/1.1" 200 -
2025-04-13 23:31:32,030 - WARNING - Only 0 agricultural commodities found
2025-04-13 23:31:32,030 - WARNING - No cleaned data for dashboard
2025-04-13 23:31:32,139 - INFO - 192.168.1.153 - - [13/Apr/2025 23:31:32] "POST /_dash-update-component HTTP/1.1" 200 -
2025-04-13 23:31:34,019 - WARNING - Only 0 agricultural commodities found
2025-04-13 23:31:34,020 - WARNING - No cleaned data for dashboard
2025-04-13 23:31:34,127 - INFO - 192.168.1.153 - - [13/Apr/2025 23:31:34] "POST /_dash-update-component HTTP/1.1" 200 -
2025-04-13 23:31:34,219 - WARNING - Only 0 agricultural commodities found
2025-04-13 23:31:34,219 - WARNING - No cleaned data for dashboard
2025-04-13 23:31:34,313 - INFO - 192.168.1.153 - - [13/Apr/2025 23:31:34] "POST /_dash-update-component HTTP/1.1" 200 -
2025-04-13 23:31:34,425 - WARNING - Only 0 agricultural commodities found
2025-04-13 23:31:34,426 - WARNING - No cleaned data for dashboard
2025-04-13 23:31:34,531 - INFO - 192.168.1.153 - - [13/Apr/2025 23:31:34] "POST /_dash-update-component HTTP/1.1" 200 -
2025-04-13 23:31:34,863 - WARNING - Only 0 agricultural commodities found
2025-04-13 23:31:34,866 - WARNING - No cleaned data for dashboard
2025-04-13 23:31:34,968 - INFO - 192.168.1.153 - - [13/Apr/2025 23:31:34] "POST /_dash-update-component HTTP/1.1" 200 -
2025-04-13 23:31:34,988 - WARNING - Only 0 agricultural commodities found
2025-04-13 23:31:34,989 - WARNING - No cleaned data for dashboard
2025-04-13 23:31:35,094 - INFO - 192.168.1.153 - - [13/Apr/2025 23:31:35] "POST /_dash-update-component HTTP/1.1" 200 -
2025-04-13 23:31:35,120 - WARNING - Only 0 agricultural commodities found
2025-04-13 23:31:35,121 - WARNING - No cleaned data for dashboard
2025-04-13 23:31:35,239 - INFO - 192.168.1.153 - - [13/Apr/2025 23:31:35] "POST /_dash-update-component HTTP/1.1" 200 -
2025-04-13 23:31:35,267 - WARNING - Only 0 agricultural commodities found
2025-04-13 23:31:35,268 - WARNING - No cleaned data for dashboard
2025-04-13 23:31:35,377 - INFO - 192.168.1.153 - - [13/Apr/2025 23:31:35] "POST /_dash-update-component HTTP/1.1" 200 -
2025-04-13 23:31:35,468 - WARNING - Only 0 agricultural commodities found
2025-04-13 23:31:35,469 - WARNING - No cleaned data for dashboard
2025-04-13 23:31:35,576 - INFO - 192.168.1.153 - - [13/Apr/2025 23:31:35] "POST /_dash-update-component HTTP/1.1" 200 -
2025-04-13 23:31:35,735 - WARNING - Only 0 agricultural commodities found
2025-04-13 23:31:35,735 - WARNING - No cleaned data for dashboard
2025-04-13 23:31:35,843 - INFO - 192.168.1.153 - - [13/Apr/2025 23:31:35] "POST /_dash-update-component HTTP/1.1" 200 -
2025-04-13 23:31:35,949 - WARNING - Only 0 agricultural commodities found
2025-04-13 23:31:35,950 - WARNING - No cleaned data for dashboard
2025-04-13 23:31:36,057 - INFO - 192.168.1.153 - - [13/Apr/2025 23:31:36] "POST /_dash-update-component HTTP/1.1" 200 -
2025-04-13 23:31:36,166 - WARNING - Only 0 agricultural commodities found
2025-04-13 23:31:36,167 - WARNING - No cleaned data for dashboard
2025-04-13 23:31:36,267 - INFO - 192.168.1.153 - - [13/Apr/2025 23:31:36] "POST /_dash-update-component HTTP/1.1" 200 -
2025-04-13 23:31:36,352 - WARNING - Only 0 agricultural commodities found
2025-04-13 23:31:36,353 - WARNING - No cleaned data for dashboard
2025-04-13 23:31:36,451 - INFO - 192.168.1.153 - - [13/Apr/2025 23:31:36] "POST /_dash-update-component HTTP/1.1" 200 -
2025-04-13 23:31:36,549 - WARNING - Only 0 agricultural commodities found
2025-04-13 23:31:36,549 - WARNING - No cleaned data for dashboard
2025-04-13 23:31:36,655 - INFO - 192.168.1.153 - - [13/Apr/2025 23:31:36] "POST /_dash-update-component HTTP/1.1" 200 -
2025-04-13 23:31:36,754 - WARNING - Only 0 agricultural commodities found
2025-04-13 23:31:36,754 - WARNING - No cleaned data for dashboard
2025-04-13 23:31:36,858 - INFO - 192.168.1.153 - - [13/Apr/2025 23:31:36] "POST /_dash-update-component HTTP/1.1" 200 -
2025-04-13 23:31:36,979 - WARNING - Only 0 agricultural commodities found
2025-04-13 23:31:36,980 - WARNING - No cleaned data for dashboard
2025-04-13 23:31:37,084 - INFO - 192.168.1.153 - - [13/Apr/2025 23:31:37] "POST /_dash-update-component HTTP/1.1" 200 -
2025-04-13 23:32:04,352 - INFO - 127.0.0.1 - - [13/Apr/2025 23:32:04] "GET / HTTP/1.1" 200 -
2025-04-13 23:32:04,561 - INFO - 127.0.0.1 - - [13/Apr/2025 23:32:04] "GET /_dash-layout HTTP/1.1" 200 -
2025-04-13 23:32:04,562 - INFO - 127.0.0.1 - - [13/Apr/2025 23:32:04] "GET /_dash-dependencies HTTP/1.1" 200 -
2025-04-13 23:32:04,616 - INFO - 127.0.0.1 - - [13/Apr/2025 23:32:04] "[36mGET /_dash-component-suites/dash/dcc/async-graph.js HTTP/1.1[0m" 304 -
2025-04-13 23:32:04,619 - INFO - 127.0.0.1 - - [13/Apr/2025 23:32:04] "[36mGET /_dash-component-suites/dash/dash_table/async-highlight.js HTTP/1.1[0m" 304 -
2025-04-13 23:32:04,623 - INFO - 127.0.0.1 - - [13/Apr/2025 23:32:04] "[36mGET /_dash-component-suites/dash/dash_table/async-table.js HTTP/1.1[0m" 304 -
2025-04-13 23:32:04,629 - INFO - 127.0.0.1 - - [13/Apr/2025 23:32:04] "[36mGET /_dash-component-suites/plotly/package_data/plotly.min.js HTTP/1.1[0m" 304 -
2025-04-13 23:32:04,638 - WARNING - Only 0 agricultural commodities found
2025-04-13 23:32:04,641 - WARNING - No cleaned data for dashboard
2025-04-13 23:32:04,711 - INFO - 127.0.0.1 - - [13/Apr/2025 23:32:04] "POST /_dash-update-component HTTP/1.1" 200 -
2025-04-13 23:36:18,838 - INFO - 127.0.0.1 - - [13/Apr/2025 23:36:18] "GET / HTTP/1.1" 200 -
2025-04-13 23:36:18,944 - INFO - 127.0.0.1 - - [13/Apr/2025 23:36:18] "GET /_dash-layout HTTP/1.1" 200 -
2025-04-13 23:36:18,946 - INFO - 127.0.0.1 - - [13/Apr/2025 23:36:18] "GET /_dash-dependencies HTTP/1.1" 200 -
2025-04-13 23:36:18,969 - INFO - 127.0.0.1 - - [13/Apr/2025 23:36:18] "[36mGET /_dash-component-suites/dash/dcc/async-graph.js HTTP/1.1[0m" 304 -
2025-04-13 23:36:18,975 - INFO - 127.0.0.1 - - [13/Apr/2025 23:36:18] "[36mGET /_dash-component-suites/dash/dash_table/async-highlight.js HTTP/1.1[0m" 304 -
2025-04-13 23:36:18,978 - INFO - 127.0.0.1 - - [13/Apr/2025 23:36:18] "[36mGET /_dash-component-suites/dash/dash_table/async-table.js HTTP/1.1[0m" 304 -
2025-04-13 23:36:18,982 - INFO - 127.0.0.1 - - [13/Apr/2025 23:36:18] "[36mGET /_dash-component-suites/plotly/package_data/plotly.min.js HTTP/1.1[0m" 304 -
2025-04-13 23:36:18,991 - INFO - 127.0.0.1 - - [13/Apr/2025 23:36:18] "GET /_favicon.ico?v=3.0.2 HTTP/1.1" 200 -
2025-04-13 23:36:19,018 - WARNING - Only 0 agricultural commodities found
2025-04-13 23:36:19,019 - WARNING - No cleaned data for dashboard
2025-04-13 23:36:19,084 - INFO - 127.0.0.1 - - [13/Apr/2025 23:36:19] "POST /_dash-update-component HTTP/1.1" 200 -
2025-04-13 23:39:14,622 - INFO - Starting job
